This file contains any messages produced by compilers while
running configure, to aid debugging if configure makes a mistake.

It was created by libsecp256k1 configure 0.1, which was
generated by GNU Autoconf 2.69.  Invocation command line was

  $ ./configure --disable-option-checking --prefix=/Users/schmucke/Documents/Developer/cryptocurrency/tem-e4coin/e4coin-0.3.1.0/depends/x86_64-apple-darwin11 LDFLAGS=-L/usr/local/opt/libffi/lib PKG_CONFIG_PATH=/usr/local/opt/libffi/lib/pkgconfig --disable-shared --with-pic --with-bignum=no --enable-module-recovery --cache-file=/dev/null --srcdir=.

## --------- ##
## Platform. ##
## --------- ##

hostname = Schmuckes-MacBook-Pro.local
uname -m = x86_64
uname -r = 17.7.0
uname -s = Darwin
uname -v = Darwin Kernel Version 17.7.0: Thu Dec 20 21:47:19 PST 2018; root:xnu-4570.71.22~1/RELEASE_X86_64

/usr/bin/uname -p = i386
/bin/uname -X     = unknown

/bin/arch              = unknown
/usr/bin/arch -k       = unknown
/usr/convex/getsysinfo = unknown
/usr/bin/hostinfo      = Mach kernel version:
	 Darwin Kernel Version 17.7.0: Thu Dec 20 21:47:19 PST 2018; root:xnu-4570.71.22~1/RELEASE_X86_64
Kernel configured for up to 4 processors.
2 processors are physically available.
4 processors are logically available.
Processor type: i486 (Intel 80486)
Processors active: 0 1 2 3
Primary memory available: 8.00 gigabytes
Default processor set: 407 tasks, 2366 threads, 4 processors
Load average: 20.43, Mach factor: 0.22
/bin/machine           = unknown
/usr/bin/oslevel       = unknown
/bin/universe          = unknown

PATH: /usr/local/bin
PATH: /usr/bin
PATH: /bin
PATH: /usr/sbin
PATH: /sbin
PATH: /Library/Frameworks/Mono.framework/Versions/Current/Commands


## ----------- ##
## Core tests. ##
## ----------- ##

configure:2392: checking build system type
configure:2406: result: x86_64-apple-darwin17.7.0
configure:2426: checking host system type
configure:2439: result: x86_64-apple-darwin17.7.0
configure:2478: checking for a BSD-compatible install
configure:2546: result: /usr/bin/install -c
configure:2557: checking whether build environment is sane
configure:2612: result: yes
configure:2763: checking for a thread-safe mkdir -p
configure:2802: result: build-aux/install-sh -c -d
configure:2809: checking for gawk
configure:2839: result: no
configure:2809: checking for mawk
configure:2839: result: no
configure:2809: checking for nawk
configure:2839: result: no
configure:2809: checking for awk
configure:2825: found /usr/bin/awk
configure:2836: result: awk
configure:2847: checking whether make sets $(MAKE)
configure:2869: result: yes
configure:2898: checking whether make supports nested variables
configure:2915: result: yes
configure:3087: checking how to print strings
configure:3114: result: printf
configure:3139: checking whether make supports the include directive
configure:3154: make -f confmf.GNU && cat confinc.out
this is the am__doit target
configure:3157: $? = 0
configure:3176: result: yes (GNU style)
configure:3246: checking for gcc
configure:3262: found /usr/bin/gcc
configure:3273: result: gcc
configure:3502: checking for C compiler version
configure:3511: gcc --version >&5
Apple LLVM version 10.0.0 (clang-1000.10.44.4)
Target: x86_64-apple-darwin17.7.0
Thread model: posix
InstalledDir: /Library/Developer/CommandLineTools/usr/bin
Configured with: --prefix=/Library/Developer/CommandLineTools/usr --with-gxx-include-dir=/usr/include/c++/4.2.1
configure:3522: $? = 0
configure:3511: gcc -v >&5
Configured with: --prefix=/Library/Developer/CommandLineTools/usr --with-gxx-include-dir=/usr/include/c++/4.2.1
Apple LLVM version 10.0.0 (clang-1000.10.44.4)
Target: x86_64-apple-darwin17.7.0
Thread model: posix
InstalledDir: /Library/Developer/CommandLineTools/usr/bin
configure:3522: $? = 0
configure:3511: gcc -V >&5
clang: error: argument to '-V' is missing (expected 1 value)
clang: error: no input files
configure:3522: $? = 1
configure:3511: gcc -qversion >&5
clang: error: unknown argument: '-qversion'
clang: error: no input files
configure:3522: $? = 1
configure:3542: checking whether the C compiler works
configure:3564: gcc   -L/usr/local/opt/libffi/lib conftest.c  >&5
configure:3568: $? = 0
configure:3616: result: yes
configure:3619: checking for C compiler default output file name
configure:3621: result: a.out
configure:3627: checking for suffix of executables
configure:3634: gcc -o conftest   -L/usr/local/opt/libffi/lib conftest.c  >&5
configure:3638: $? = 0
configure:3660: result: 
configure:3682: checking whether we are cross compiling
configure:3690: gcc -o conftest   -L/usr/local/opt/libffi/lib conftest.c  >&5
configure:3694: $? = 0
configure:3701: ./conftest
configure:3705: $? = 0
configure:3720: result: no
configure:3725: checking for suffix of object files
configure:3747: gcc -c   conftest.c >&5
configure:3751: $? = 0
configure:3772: result: o
configure:3776: checking whether we are using the GNU C compiler
configure:3795: gcc -c   conftest.c >&5
configure:3795: $? = 0
configure:3804: result: yes
configure:3813: checking whether gcc accepts -g
configure:3833: gcc -c -g  conftest.c >&5
configure:3833: $? = 0
configure:3874: result: yes
configure:3891: checking for gcc option to accept ISO C89
configure:3954: gcc  -c -g -O2  conftest.c >&5
configure:3954: $? = 0
configure:3967: result: none needed
configure:3992: checking whether gcc understands -c and -o together
configure:4014: gcc -c conftest.c -o conftest2.o
configure:4017: $? = 0
configure:4014: gcc -c conftest.c -o conftest2.o
configure:4017: $? = 0
configure:4029: result: yes
configure:4048: checking dependency style of gcc
configure:4159: result: gcc3
configure:4174: checking for a sed that does not truncate output
configure:4238: result: /usr/bin/sed
configure:4256: checking for grep that handles long lines and -e
configure:4314: result: /usr/bin/grep
configure:4319: checking for egrep
configure:4381: result: /usr/bin/grep -E
configure:4386: checking for fgrep
configure:4448: result: /usr/bin/grep -F
configure:4483: checking for ld used by gcc
configure:4550: result: /Library/Developer/CommandLineTools/usr/bin/ld
configure:4557: checking if the linker (/Library/Developer/CommandLineTools/usr/bin/ld) is GNU ld
configure:4572: result: no
configure:4584: checking for BSD- or MS-compatible name lister (nm)
configure:4638: result: /usr/bin/nm -B
configure:4768: checking the name lister (/usr/bin/nm -B) interface
configure:4775: gcc -c -g -O2  conftest.c >&5
configure:4778: /usr/bin/nm -B "conftest.o"
configure:4781: output
0000000000000208 S _some_variable
configure:4788: result: BSD nm
configure:4791: checking whether ln -s works
configure:4795: result: yes
configure:4803: checking the maximum length of command line arguments
configure:4934: result: 196608
configure:4982: checking how to convert x86_64-apple-darwin17.7.0 file names to x86_64-apple-darwin17.7.0 format
configure:5022: result: func_convert_file_noop
configure:5029: checking how to convert x86_64-apple-darwin17.7.0 file names to toolchain format
configure:5049: result: func_convert_file_noop
configure:5056: checking for /Library/Developer/CommandLineTools/usr/bin/ld option to reload object files
configure:5063: result: -r
configure:5137: checking for objdump
configure:5153: found /usr/bin/objdump
configure:5164: result: objdump
configure:5196: checking how to recognize dependent libraries
configure:5396: result: pass_all
configure:5481: checking for dlltool
configure:5511: result: no
configure:5541: checking how to associate runtime and link libraries
configure:5568: result: printf %s\n
configure:5629: checking for ar
configure:5645: found /usr/bin/ar
configure:5656: result: ar
configure:5693: checking for archiver @FILE support
configure:5710: gcc -c -g -O2  conftest.c >&5
configure:5710: $? = 0
configure:5713: ar cru libconftest.a @conftest.lst >&5
ar: @conftest.lst: No such file or directory
configure:5716: $? = 1
configure:5736: result: no
configure:5794: checking for strip
configure:5810: found /usr/bin/strip
configure:5821: result: strip
configure:5893: checking for ranlib
configure:5909: found /usr/bin/ranlib
configure:5920: result: ranlib
configure:6022: checking command to parse /usr/bin/nm -B output from gcc object
configure:6175: gcc -c -g -O2  conftest.c >&5
configure:6178: $? = 0
configure:6182: /usr/bin/nm -B conftest.o \| sed -n -e 's/^.*[ ]\([BCDEGRST][BCDEGRST]*\)[ ][ ]*\([_A-Za-z][_A-Za-z0-9]*\)$/\1 \2 \2/p' | sed '/ __gnu_lto/d' \> conftest.nm
configure:6185: $? = 0
cannot find nm_test_var in conftest.nm
configure:6175: gcc -c -g -O2  conftest.c >&5
configure:6178: $? = 0
configure:6182: /usr/bin/nm -B conftest.o \| sed -n -e 's/^.*[ ]\([BCDEGRST][BCDEGRST]*\)[ ][ ]*_\([_A-Za-z][_A-Za-z0-9]*\)$/\1 _\2 \2/p' | sed '/ __gnu_lto/d' \> conftest.nm
configure:6185: $? = 0
configure:6251: gcc -o conftest -g -O2  -L/usr/local/opt/libffi/lib conftest.c conftstm.o >&5
warning: (x86_64)  could not find object file symbol for symbol _main
configure:6254: $? = 0
configure:6292: result: ok
configure:6339: checking for sysroot
configure:6369: result: no
configure:6376: checking for a working dd
configure:6414: result: /bin/dd
configure:6418: checking how to truncate binary pipes
configure:6433: result: /bin/dd bs=4096 count=1
configure:6762: checking for mt
configure:6792: result: no
configure:6812: checking if : is a manifest tool
configure:6818: : '-?'
configure:6826: result: no
configure:6882: checking for dsymutil
configure:6898: found /usr/bin/dsymutil
configure:6909: result: dsymutil
configure:6974: checking for nmedit
configure:6990: found /usr/bin/nmedit
configure:7001: result: nmedit
configure:7066: checking for lipo
configure:7082: found /usr/bin/lipo
configure:7093: result: lipo
configure:7158: checking for otool
configure:7174: found /usr/bin/otool
configure:7185: result: otool
configure:7250: checking for otool64
configure:7280: result: no
configure:7325: checking for -single_module linker flag
gcc -g -O2 -L/usr/local/opt/libffi/lib -o libconftest.dylib -dynamiclib -Wl,-single_module conftest.c
configure:7358: result: yes
configure:7361: checking for -exported_symbols_list linker flag
configure:7381: gcc -o conftest -g -O2  -L/usr/local/opt/libffi/lib -Wl,-exported_symbols_list,conftest.sym conftest.c  >&5
configure:7381: $? = 0
configure:7391: result: yes
configure:7394: checking for -force_load linker flag
gcc -g -O2 -c -o conftest.o conftest.c
ar cru libconftest.a conftest.o
ranlib libconftest.a
gcc -g -O2 -L/usr/local/opt/libffi/lib -o conftest conftest.c -Wl,-force_load,./libconftest.a
configure:7426: result: yes
configure:7503: checking how to run the C preprocessor
configure:7534: gcc -E  conftest.c
configure:7534: $? = 0
configure:7548: gcc -E  conftest.c
conftest.c:11:10: fatal error: 'ac_nonexistent.h' file not found
#include <ac_nonexistent.h>
         ^~~~~~~~~~~~~~~~~~
1 error generated.
configure:7548: $? = 1
configure: failed program was:
| /* confdefs.h */
| #define PACKAGE_NAME "libsecp256k1"
| #define PACKAGE_TARNAME "libsecp256k1"
| #define PACKAGE_VERSION "0.1"
| #define PACKAGE_STRING "libsecp256k1 0.1"
| #define PACKAGE_BUGREPORT ""
| #define PACKAGE_URL ""
| #define PACKAGE "libsecp256k1"
| #define VERSION "0.1"
| /* end confdefs.h.  */
| #include <ac_nonexistent.h>
configure:7573: result: gcc -E
configure:7593: gcc -E  conftest.c
configure:7593: $? = 0
configure:7607: gcc -E  conftest.c
conftest.c:11:10: fatal error: 'ac_nonexistent.h' file not found
#include <ac_nonexistent.h>
         ^~~~~~~~~~~~~~~~~~
1 error generated.
configure:7607: $? = 1
configure: failed program was:
| /* confdefs.h */
| #define PACKAGE_NAME "libsecp256k1"
| #define PACKAGE_TARNAME "libsecp256k1"
| #define PACKAGE_VERSION "0.1"
| #define PACKAGE_STRING "libsecp256k1 0.1"
| #define PACKAGE_BUGREPORT ""
| #define PACKAGE_URL ""
| #define PACKAGE "libsecp256k1"
| #define VERSION "0.1"
| /* end confdefs.h.  */
| #include <ac_nonexistent.h>
configure:7636: checking for ANSI C header files
configure:7656: gcc -c -g -O2  conftest.c >&5
configure:7656: $? = 0
configure:7729: gcc -o conftest -g -O2  -L/usr/local/opt/libffi/lib conftest.c  >&5
configure:7729: $? = 0
configure:7729: ./conftest
configure:7729: $? = 0
configure:7740: result: yes
configure:7753: checking for sys/types.h
configure:7753: gcc -c -g -O2  conftest.c >&5
configure:7753: $? = 0
configure:7753: result: yes
configure:7753: checking for sys/stat.h
configure:7753: gcc -c -g -O2  conftest.c >&5
configure:7753: $? = 0
configure:7753: result: yes
configure:7753: checking for stdlib.h
configure:7753: gcc -c -g -O2  conftest.c >&5
configure:7753: $? = 0
configure:7753: result: yes
configure:7753: checking for string.h
configure:7753: gcc -c -g -O2  conftest.c >&5
configure:7753: $? = 0
configure:7753: result: yes
configure:7753: checking for memory.h
configure:7753: gcc -c -g -O2  conftest.c >&5
configure:7753: $? = 0
configure:7753: result: yes
configure:7753: checking for strings.h
configure:7753: gcc -c -g -O2  conftest.c >&5
configure:7753: $? = 0
configure:7753: result: yes
configure:7753: checking for inttypes.h
configure:7753: gcc -c -g -O2  conftest.c >&5
configure:7753: $? = 0
configure:7753: result: yes
configure:7753: checking for stdint.h
configure:7753: gcc -c -g -O2  conftest.c >&5
configure:7753: $? = 0
configure:7753: result: yes
configure:7753: checking for unistd.h
configure:7753: gcc -c -g -O2  conftest.c >&5
configure:7753: $? = 0
configure:7753: result: yes
configure:7767: checking for dlfcn.h
configure:7767: gcc -c -g -O2  conftest.c >&5
configure:7767: $? = 0
configure:7767: result: yes
configure:8023: checking for objdir
configure:8038: result: .libs
configure:8302: checking if gcc supports -fno-rtti -fno-exceptions
configure:8320: gcc -c -g -O2  -fno-rtti -fno-exceptions conftest.c >&5
configure:8324: $? = 0
configure:8337: result: yes
configure:8695: checking for gcc option to produce PIC
configure:8702: result: -fno-common -DPIC
configure:8710: checking if gcc PIC flag -fno-common -DPIC works
configure:8728: gcc -c -g -O2  -fno-common -DPIC -DPIC conftest.c >&5
configure:8732: $? = 0
configure:8745: result: yes
configure:8774: checking if gcc static flag -static works
configure:8802: result: no
configure:8817: checking if gcc supports -c -o file.o
configure:8838: gcc -c -g -O2  -o out/conftest2.o conftest.c >&5
configure:8842: $? = 0
configure:8864: result: yes
configure:8872: checking if gcc supports -c -o file.o
configure:8919: result: yes
configure:8952: checking whether the gcc linker (/Library/Developer/CommandLineTools/usr/bin/ld) supports shared libraries
configure:10211: result: yes
configure:10451: checking dynamic linker characteristics
configure:11269: result: darwin17.7.0 dyld
configure:11391: checking how to hardcode library paths into programs
configure:11416: result: immediate
configure:11964: checking whether stripping libraries is possible
configure:11978: result: yes
configure:12004: checking if libtool supports shared libraries
configure:12006: result: yes
configure:12009: checking whether to build shared libraries
configure:12034: result: no
configure:12037: checking whether to build static libraries
configure:12041: result: yes
configure:12090: checking whether make supports nested variables
configure:12107: result: yes
configure:12173: checking for pkg-config
configure:12191: found /usr/local/bin/pkg-config
configure:12203: result: /usr/local/bin/pkg-config
configure:12228: checking pkg-config is at least version 0.9.0
configure:12231: result: yes
configure:12286: checking for ar
configure:12304: found /usr/bin/ar
configure:12316: result: /usr/bin/ar
configure:12384: checking for ranlib
configure:12402: found /usr/bin/ranlib
configure:12414: result: /usr/bin/ranlib
configure:12482: checking for strip
configure:12500: found /usr/bin/strip
configure:12512: result: /usr/bin/strip
configure:12590: checking for gcc
configure:12606: found /usr/bin/gcc
configure:12617: result: gcc
configure:12846: checking for C compiler version
configure:12855: gcc --version >&5
Apple LLVM version 10.0.0 (clang-1000.10.44.4)
Target: x86_64-apple-darwin17.7.0
Thread model: posix
InstalledDir: /Library/Developer/CommandLineTools/usr/bin
Configured with: --prefix=/Library/Developer/CommandLineTools/usr --with-gxx-include-dir=/usr/include/c++/4.2.1
configure:12866: $? = 0
configure:12855: gcc -v >&5
Configured with: --prefix=/Library/Developer/CommandLineTools/usr --with-gxx-include-dir=/usr/include/c++/4.2.1
Apple LLVM version 10.0.0 (clang-1000.10.44.4)
Target: x86_64-apple-darwin17.7.0
Thread model: posix
InstalledDir: /Library/Developer/CommandLineTools/usr/bin
configure:12866: $? = 0
configure:12855: gcc -V >&5
clang: error: argument to '-V' is missing (expected 1 value)
clang: error: no input files
configure:12866: $? = 1
configure:12855: gcc -qversion >&5
clang: error: unknown argument: '-qversion'
clang: error: no input files
configure:12866: $? = 1
configure:12870: checking whether we are using the GNU C compiler
configure:12898: result: yes
configure:12907: checking whether gcc accepts -g
configure:12927: gcc -c -g -O2  conftest.c >&5
configure:12927: $? = 0
configure:12968: result: yes
configure:12985: checking for gcc option to accept ISO C89
configure:13061: result: none needed
configure:13086: checking whether gcc understands -c and -o together
configure:13123: result: yes
configure:13142: checking dependency style of gcc
configure:13253: result: gcc3
configure:13273: checking how to run the C preprocessor
configure:13304: gcc -E  conftest.c
configure:13304: $? = 0
configure:13318: gcc -E  conftest.c
conftest.c:23:10: fatal error: 'ac_nonexistent.h' file not found
#include <ac_nonexistent.h>
         ^~~~~~~~~~~~~~~~~~
1 error generated.
configure:13318: $? = 1
configure: failed program was:
| /* confdefs.h */
| #define PACKAGE_NAME "libsecp256k1"
| #define PACKAGE_TARNAME "libsecp256k1"
| #define PACKAGE_VERSION "0.1"
| #define PACKAGE_STRING "libsecp256k1 0.1"
| #define PACKAGE_BUGREPORT ""
| #define PACKAGE_URL ""
| #define PACKAGE "libsecp256k1"
| #define VERSION "0.1"
| #define STDC_HEADERS 1
| #define HAVE_SYS_TYPES_H 1
| #define HAVE_SYS_STAT_H 1
| #define HAVE_STDLIB_H 1
| #define HAVE_STRING_H 1
| #define HAVE_MEMORY_H 1
| #define HAVE_STRINGS_H 1
| #define HAVE_INTTYPES_H 1
| #define HAVE_STDINT_H 1
| #define HAVE_UNISTD_H 1
| #define HAVE_DLFCN_H 1
| #define LT_OBJDIR ".libs/"
| /* end confdefs.h.  */
| #include <ac_nonexistent.h>
configure:13343: result: gcc -E
configure:13363: gcc -E  conftest.c
configure:13363: $? = 0
configure:13377: gcc -E  conftest.c
conftest.c:23:10: fatal error: 'ac_nonexistent.h' file not found
#include <ac_nonexistent.h>
         ^~~~~~~~~~~~~~~~~~
1 error generated.
configure:13377: $? = 1
configure: failed program was:
| /* confdefs.h */
| #define PACKAGE_NAME "libsecp256k1"
| #define PACKAGE_TARNAME "libsecp256k1"
| #define PACKAGE_VERSION "0.1"
| #define PACKAGE_STRING "libsecp256k1 0.1"
| #define PACKAGE_BUGREPORT ""
| #define PACKAGE_URL ""
| #define PACKAGE "libsecp256k1"
| #define VERSION "0.1"
| #define STDC_HEADERS 1
| #define HAVE_SYS_TYPES_H 1
| #define HAVE_SYS_STAT_H 1
| #define HAVE_STDLIB_H 1
| #define HAVE_STRING_H 1
| #define HAVE_MEMORY_H 1
| #define HAVE_STRINGS_H 1
| #define HAVE_INTTYPES_H 1
| #define HAVE_STDINT_H 1
| #define HAVE_UNISTD_H 1
| #define HAVE_DLFCN_H 1
| #define LT_OBJDIR ".libs/"
| /* end confdefs.h.  */
| #include <ac_nonexistent.h>
configure:13421: checking for gcc option to accept ISO C89
configure:13497: result: none needed
configure:13524: checking dependency style of gcc
configure:13633: result: gcc3
configure:13654: checking for brew
configure:13672: found /usr/local/bin/brew
configure:13684: result: /usr/local/bin/brew
configure:13759: checking if gcc supports -std=c89 -pedantic -Wall -Wextra -Wcast-align -Wnested-externs -Wshadow -Wstrict-prototypes -Wno-unused-function -Wno-long-long -Wno-overlength-strings
configure:13765: gcc -c -g -O2 -W -std=c89 -pedantic -Wall -Wextra -Wcast-align -Wnested-externs -Wshadow -Wstrict-prototypes -Wno-unused-function -Wno-long-long -Wno-overlength-strings  conftest.c >&5
configure:13765: $? = 0
configure:13766: result: yes
configure:13778: checking if gcc supports -fvisibility=hidden
configure:13784: gcc -c -g -O2 -W -std=c89 -pedantic -Wall -Wextra -Wcast-align -Wnested-externs -Wshadow -Wstrict-prototypes -Wno-unused-function -Wno-long-long -Wno-overlength-strings -fvisibility=hidden  conftest.c >&5
configure:13784: $? = 0
configure:13785: result: yes
configure:13911: checking for __int128
configure:13911: gcc -c -g -O2 -W -std=c89 -pedantic -Wall -Wextra -Wcast-align -Wnested-externs -Wshadow -Wstrict-prototypes -Wno-unused-function -Wno-long-long -Wno-overlength-strings -fvisibility=hidden  conftest.c >&5
configure:13911: $? = 0
configure:13911: gcc -c -g -O2 -W -std=c89 -pedantic -Wall -Wextra -Wcast-align -Wnested-externs -Wshadow -Wstrict-prototypes -Wno-unused-function -Wno-long-long -Wno-overlength-strings -fvisibility=hidden  conftest.c >&5
conftest.c:59:23: error: expected expression
if (sizeof ((__int128)))
                      ^
1 error generated.
configure:13911: $? = 1
configure: failed program was:
| /* confdefs.h */
| #define PACKAGE_NAME "libsecp256k1"
| #define PACKAGE_TARNAME "libsecp256k1"
| #define PACKAGE_VERSION "0.1"
| #define PACKAGE_STRING "libsecp256k1 0.1"
| #define PACKAGE_BUGREPORT ""
| #define PACKAGE_URL ""
| #define PACKAGE "libsecp256k1"
| #define VERSION "0.1"
| #define STDC_HEADERS 1
| #define HAVE_SYS_TYPES_H 1
| #define HAVE_SYS_STAT_H 1
| #define HAVE_STDLIB_H 1
| #define HAVE_STRING_H 1
| #define HAVE_MEMORY_H 1
| #define HAVE_STRINGS_H 1
| #define HAVE_INTTYPES_H 1
| #define HAVE_STDINT_H 1
| #define HAVE_UNISTD_H 1
| #define HAVE_DLFCN_H 1
| #define LT_OBJDIR ".libs/"
| /* end confdefs.h.  */
| #include <stdio.h>
| #ifdef HAVE_SYS_TYPES_H
| # include <sys/types.h>
| #endif
| #ifdef HAVE_SYS_STAT_H
| # include <sys/stat.h>
| #endif
| #ifdef STDC_HEADERS
| # include <stdlib.h>
| # include <stddef.h>
| #else
| # ifdef HAVE_STDLIB_H
| #  include <stdlib.h>
| # endif
| #endif
| #ifdef HAVE_STRING_H
| # if !defined STDC_HEADERS && defined HAVE_MEMORY_H
| #  include <memory.h>
| # endif
| # include <string.h>
| #endif
| #ifdef HAVE_STRINGS_H
| # include <strings.h>
| #endif
| #ifdef HAVE_INTTYPES_H
| # include <inttypes.h>
| #endif
| #ifdef HAVE_STDINT_H
| # include <stdint.h>
| #endif
| #ifdef HAVE_UNISTD_H
| # include <unistd.h>
| #endif
| int
| main ()
| {
| if (sizeof ((__int128)))
| 	    return 0;
|   ;
|   return 0;
| }
configure:13911: result: yes
configure:13922: checking for __builtin_expect
configure:13928: gcc -c -g -O2 -W -std=c89 -pedantic -Wall -Wextra -Wcast-align -Wnested-externs -Wshadow -Wstrict-prototypes -Wno-unused-function -Wno-long-long -Wno-overlength-strings -fvisibility=hidden  conftest.c >&5
conftest.c:24:16: warning: ignoring return value of function declared with const attribute [-Wunused-value]
void myfunc() {__builtin_expect(0,0);}
               ^~~~~~~~~~~~~~~~ ~~~
1 warning generated.
configure:13928: $? = 0
configure:13929: result: yes
configure:13945: checking native compiler: gcc
configure:13960: gcc -o conftest -g -O2 -W -std=c89 -pedantic -Wall -Wextra -Wcast-align -Wnested-externs -Wshadow -Wstrict-prototypes -Wno-unused-function -Wno-long-long -Wno-overlength-strings -fvisibility=hidden  -L/usr/local/opt/libffi/lib conftest.c  >&5
configure:13960: $? = 0
configure:13960: ./conftest
configure:13960: $? = 0
configure:13981: result: ok
configure:13991: checking for x86_64 assembly availability
configure:14008: gcc -c -g -O2 -W -std=c89 -pedantic -Wall -Wextra -Wcast-align -Wnested-externs -Wshadow -Wstrict-prototypes -Wno-unused-function -Wno-long-long -Wno-overlength-strings -fvisibility=hidden  conftest.c >&5
conftest.c:32:75: warning: variable 'tmp' is uninitialized when used here [-Wuninitialized]
  __asm__ __volatile__("movq $0x100000000,%1; mulq %%rsi" : "+a"(a) : "S"(tmp) : "cc", "%rdx");
                                                                          ^~~
conftest.c:31:23: note: initialize the variable 'tmp' to silence this warning
  uint64_t a = 11, tmp;
                      ^
                       = 0
1 warning generated.
configure:14008: $? = 0
configure:14014: result: yes
configure:14362: checking for libcrypto
configure:14369: $PKG_CONFIG --exists --print-errors "libcrypto"
configure:14372: $? = 0
configure:14386: $PKG_CONFIG --exists --print-errors "libcrypto"
configure:14389: $? = 0
configure:14427: result: yes
configure:14434: checking for main in -lcrypto
configure:14453: gcc -o conftest -g -O2 -W -std=c89 -pedantic -Wall -Wextra -Wcast-align -Wnested-externs -Wshadow -Wstrict-prototypes -Wno-unused-function -Wno-long-long -Wno-overlength-strings -fvisibility=hidden  -L/usr/local/opt/libffi/lib conftest.c -lcrypto   -L/usr/local/Cellar/openssl/1.0.2q/lib -lcrypto >&5
conftest.c:35:1: warning: all paths through this function will call itself [-Winfinite-recursion]
{
^
1 warning generated.
configure:14453: $? = 0
configure:14462: result: yes
configure:14526: checking for EC functions in libcrypto
configure:14551: gcc -c -g -O2 -W -std=c89 -pedantic -Wall -Wextra -Wcast-align -Wnested-externs -Wshadow -Wstrict-prototypes -Wno-unused-function -Wno-long-long -Wno-overlength-strings -fvisibility=hidden  conftest.c >&5
conftest.c:33:14: fatal error: 'openssl/ec.h' file not found
    #include <openssl/ec.h>
             ^~~~~~~~~~~~~~
1 error generated.
configure:14551: $? = 1
configure: failed program was:
| /* confdefs.h */
| #define PACKAGE_NAME "libsecp256k1"
| #define PACKAGE_TARNAME "libsecp256k1"
| #define PACKAGE_VERSION "0.1"
| #define PACKAGE_STRING "libsecp256k1 0.1"
| #define PACKAGE_BUGREPORT ""
| #define PACKAGE_URL ""
| #define PACKAGE "libsecp256k1"
| #define VERSION "0.1"
| #define STDC_HEADERS 1
| #define HAVE_SYS_TYPES_H 1
| #define HAVE_SYS_STAT_H 1
| #define HAVE_STDLIB_H 1
| #define HAVE_STRING_H 1
| #define HAVE_MEMORY_H 1
| #define HAVE_STRINGS_H 1
| #define HAVE_INTTYPES_H 1
| #define HAVE_STDINT_H 1
| #define HAVE_UNISTD_H 1
| #define HAVE_DLFCN_H 1
| #define LT_OBJDIR ".libs/"
| #define HAVE___INT128 1
| #define HAVE_BUILTIN_EXPECT 1
| #define USE_ASM_X86_64 1
| #define USE_FIELD_5X52 1
| #define USE_NUM_NONE 1
| #define USE_FIELD_INV_BUILTIN 1
| #define USE_SCALAR_INV_BUILTIN 1
| #define USE_SCALAR_4X64 1
| #define HAVE_LIBCRYPTO 1
| /* end confdefs.h.  */
| 
|     #include <openssl/ec.h>
|     #include <openssl/ecdsa.h>
|     #include <openssl/obj_mac.h>
| int
| main ()
| {
| 
|     EC_KEY *eckey = EC_KEY_new_by_curve_name(NID_secp256k1);
|     ECDSA_sign(0, NULL, 0, NULL, NULL, eckey);
|     ECDSA_verify(0, NULL, 0, NULL, 0, eckey);
|     EC_KEY_free(eckey);
|     ECDSA_SIG *sig_openssl;
|     sig_openssl = ECDSA_SIG_new();
|     (void)sig_openssl->r;
|     ECDSA_SIG_free(sig_openssl);
| 
|   ;
|   return 0;
| }
configure:14557: result: no
configure:14599: checking for javac
configure:14617: found /usr/bin/javac
configure:14630: result: /usr/bin/javac
configure:14646: checking symlink for /usr/bin/javac
configure:14654: result: /System/Library/Frameworks/JavaVM.framework/Versions/Current/Commands/javac
configure:14667: _JTOPDIR=/System/Library/Frameworks/JavaVM.framework/Versions/Current
configure:14668: _JINC=/System/Library/Frameworks/JavaVM.framework/Versions/Current/Headers
configure:14674: checking jni headers
configure:14694: result: /System/Library/Frameworks/JavaVM.framework/Versions/Current/Headers
configure:14733: WARNING: jni headers/dependencies not found. jni support disabled
configure:14773: checking whether byte ordering is bigendian
configure:14788: gcc -c -g -O2 -W -std=c89 -pedantic -Wall -Wextra -Wcast-align -Wnested-externs -Wshadow -Wstrict-prototypes -Wno-unused-function -Wno-long-long -Wno-overlength-strings -fvisibility=hidden  conftest.c >&5
configure:14788: $? = 0
configure:14833: gcc -c -g -O2 -W -std=c89 -pedantic -Wall -Wextra -Wcast-align -Wnested-externs -Wshadow -Wstrict-prototypes -Wno-unused-function -Wno-long-long -Wno-overlength-strings -fvisibility=hidden  conftest.c >&5
configure:14833: $? = 0
configure:14851: gcc -c -g -O2 -W -std=c89 -pedantic -Wall -Wextra -Wcast-align -Wnested-externs -Wshadow -Wstrict-prototypes -Wno-unused-function -Wno-long-long -Wno-overlength-strings -fvisibility=hidden  conftest.c >&5
conftest.c:41:4: error: use of undeclared identifier 'not'
                 not big endian
                 ^
1 error generated.
configure:14851: $? = 1
configure: failed program was:
| /* confdefs.h */
| #define PACKAGE_NAME "libsecp256k1"
| #define PACKAGE_TARNAME "libsecp256k1"
| #define PACKAGE_VERSION "0.1"
| #define PACKAGE_STRING "libsecp256k1 0.1"
| #define PACKAGE_BUGREPORT ""
| #define PACKAGE_URL ""
| #define PACKAGE "libsecp256k1"
| #define VERSION "0.1"
| #define STDC_HEADERS 1
| #define HAVE_SYS_TYPES_H 1
| #define HAVE_SYS_STAT_H 1
| #define HAVE_STDLIB_H 1
| #define HAVE_STRING_H 1
| #define HAVE_MEMORY_H 1
| #define HAVE_STRINGS_H 1
| #define HAVE_INTTYPES_H 1
| #define HAVE_STDINT_H 1
| #define HAVE_UNISTD_H 1
| #define HAVE_DLFCN_H 1
| #define LT_OBJDIR ".libs/"
| #define HAVE___INT128 1
| #define HAVE_BUILTIN_EXPECT 1
| #define USE_ASM_X86_64 1
| #define USE_FIELD_5X52 1
| #define USE_NUM_NONE 1
| #define USE_FIELD_INV_BUILTIN 1
| #define USE_SCALAR_INV_BUILTIN 1
| #define USE_SCALAR_4X64 1
| #define HAVE_LIBCRYPTO 1
| #define USE_ECMULT_STATIC_PRECOMPUTATION 1
| #define ENABLE_MODULE_RECOVERY 1
| /* end confdefs.h.  */
| #include <sys/types.h>
| 		#include <sys/param.h>
| 
| int
| main ()
| {
| #if BYTE_ORDER != BIG_ENDIAN
| 		 not big endian
| 		#endif
| 
|   ;
|   return 0;
| }
configure:14979: result: no
configure:15004: Using static precomputation: yes
configure:15006: Using assembly optimizations: x86_64
configure:15008: Using field implementation: 64bit
configure:15010: Using bignum implementation: no
configure:15012: Using scalar implementation: 64bit
configure:15014: Using endomorphism optimizations: no
configure:15016: Building ECDH module: no
configure:15018: Building ECDSA pubkey recovery module: yes
configure:15020: Using jni: no
configure:15238: checking that generated files are newer than configure
configure:15244: result: done
configure:15312: creating ./config.status

## ---------------------- ##
## Running config.status. ##
## ---------------------- ##

This file was extended by libsecp256k1 config.status 0.1, which was
generated by GNU Autoconf 2.69.  Invocation command line was

  CONFIG_FILES    = 
  CONFIG_HEADERS  = 
  CONFIG_LINKS    = 
  CONFIG_COMMANDS = 
  $ ./config.status 

on Schmuckes-MacBook-Pro.local

config.status:1137: creating Makefile
config.status:1137: creating libsecp256k1.pc
config.status:1137: creating src/libsecp256k1-config.h
config.status:1318: src/libsecp256k1-config.h is unchanged
config.status:1366: executing depfiles commands
config.status:1443: cd .       && sed -e '/# am--include-marker/d' Makefile         | make -f - am--depfiles
make: Nothing to be done for `am--depfiles'.
config.status:1448: $? = 0
config.status:1366: executing libtool commands

## ---------------- ##
## Cache variables. ##
## ---------------- ##

ac_cv_build=x86_64-apple-darwin17.7.0
ac_cv_build_prog_CPP='gcc -E'
ac_cv_build_prog_cc_g=yes
ac_cv_c_bigendian=no
ac_cv_c_compiler_gnu=yes
ac_cv_env_CCASFLAGS_set=
ac_cv_env_CCASFLAGS_value=
ac_cv_env_CCAS_set=
ac_cv_env_CCAS_value=
ac_cv_env_CC_set=
ac_cv_env_CC_value=
ac_cv_env_CFLAGS_set=
ac_cv_env_CFLAGS_value=
ac_cv_env_CPPFLAGS_set=
ac_cv_env_CPPFLAGS_value=
ac_cv_env_CPP_set=
ac_cv_env_CPP_value=
ac_cv_env_CRYPTO_CFLAGS_set=
ac_cv_env_CRYPTO_CFLAGS_value=
ac_cv_env_CRYPTO_LIBS_set=
ac_cv_env_CRYPTO_LIBS_value=
ac_cv_env_LDFLAGS_set=set
ac_cv_env_LDFLAGS_value=-L/usr/local/opt/libffi/lib
ac_cv_env_LIBS_set=
ac_cv_env_LIBS_value=
ac_cv_env_LT_SYS_LIBRARY_PATH_set=
ac_cv_env_LT_SYS_LIBRARY_PATH_value=
ac_cv_env_PKG_CONFIG_LIBDIR_set=
ac_cv_env_PKG_CONFIG_LIBDIR_value=
ac_cv_env_PKG_CONFIG_PATH_set=set
ac_cv_env_PKG_CONFIG_PATH_value=/usr/local/opt/libffi/lib/pkgconfig
ac_cv_env_PKG_CONFIG_set=
ac_cv_env_PKG_CONFIG_value=
ac_cv_env_build_alias_set=
ac_cv_env_build_alias_value=
ac_cv_env_host_alias_set=
ac_cv_env_host_alias_value=
ac_cv_env_target_alias_set=
ac_cv_env_target_alias_value=
ac_cv_header_dlfcn_h=yes
ac_cv_header_inttypes_h=yes
ac_cv_header_memory_h=yes
ac_cv_header_stdc=yes
ac_cv_header_stdint_h=yes
ac_cv_header_stdlib_h=yes
ac_cv_header_string_h=yes
ac_cv_header_strings_h=yes
ac_cv_header_sys_stat_h=yes
ac_cv_header_sys_types_h=yes
ac_cv_header_unistd_h=yes
ac_cv_host=x86_64-apple-darwin17.7.0
ac_cv_jni_header_path=/System/Library/Frameworks/JavaVM.framework/Versions/Current/Headers
ac_cv_lib_crypto_main=yes
ac_cv_objext=o
ac_cv_path_BREW=/usr/local/bin/brew
ac_cv_path_EGREP='/usr/bin/grep -E'
ac_cv_path_FGREP='/usr/bin/grep -F'
ac_cv_path_GREP=/usr/bin/grep
ac_cv_path_SED=/usr/bin/sed
ac_cv_path__ACJNI_JAVAC=/usr/bin/javac
ac_cv_path_ac_pt_AR=/usr/bin/ar
ac_cv_path_ac_pt_PKG_CONFIG=/usr/local/bin/pkg-config
ac_cv_path_ac_pt_RANLIB=/usr/bin/ranlib
ac_cv_path_ac_pt_STRIP=/usr/bin/strip
ac_cv_path_install='/usr/bin/install -c'
ac_cv_path_lt_DD=/bin/dd
ac_cv_prog_AWK=awk
ac_cv_prog_CPP='gcc -E'
ac_cv_prog_ac_ct_AR=ar
ac_cv_prog_ac_ct_CC=gcc
ac_cv_prog_ac_ct_CC_FOR_BUILD=gcc
ac_cv_prog_ac_ct_DSYMUTIL=dsymutil
ac_cv_prog_ac_ct_LIPO=lipo
ac_cv_prog_ac_ct_NMEDIT=nmedit
ac_cv_prog_ac_ct_OBJDUMP=objdump
ac_cv_prog_ac_ct_OTOOL=otool
ac_cv_prog_ac_ct_RANLIB=ranlib
ac_cv_prog_ac_ct_STRIP=strip
ac_cv_prog_cc_c89=
ac_cv_prog_cc_g=yes
ac_cv_prog_make_make_set=yes
ac_cv_type___int128=yes
am_cv_CCAS_dependencies_compiler_type=gcc3
am_cv_CC_dependencies_compiler_type=gcc3
am_cv_make_support_nested_variables=yes
am_cv_prog_cc_c_o=yes
lt_cv_apple_cc_single_mod=yes
lt_cv_ar_at_file=no
lt_cv_deplibs_check_method=pass_all
lt_cv_file_magic_cmd='$MAGIC_CMD'
lt_cv_file_magic_test_file=
lt_cv_ld_exported_symbols_list=yes
lt_cv_ld_force_load=yes
lt_cv_ld_reload_flag=-r
lt_cv_nm_interface='BSD nm'
lt_cv_objdir=.libs
lt_cv_path_LD=/Library/Developer/CommandLineTools/usr/bin/ld
lt_cv_path_NM='/usr/bin/nm -B'
lt_cv_path_mainfest_tool=no
lt_cv_prog_compiler_c_o=yes
lt_cv_prog_compiler_pic='-fno-common -DPIC'
lt_cv_prog_compiler_pic_works=yes
lt_cv_prog_compiler_rtti_exceptions=yes
lt_cv_prog_compiler_static_works=no
lt_cv_prog_gnu_ld=no
lt_cv_sharedlib_from_linklib_cmd='printf %s\n'
lt_cv_sys_global_symbol_pipe='sed -n -e '\''s/^.*[	 ]\([BCDEGRST][BCDEGRST]*\)[	 ][	 ]*_\([_A-Za-z][_A-Za-z0-9]*\)$/\1 _\2 \2/p'\'' | sed '\''/ __gnu_lto/d'\'''
lt_cv_sys_global_symbol_to_c_name_address='sed -n -e '\''s/^: \(.*\) .*$/  {"\1", (void *) 0},/p'\'' -e '\''s/^[BCDEGRST][BCDEGRST]* .* \(.*\)$/  {"\1", (void *) \&\1},/p'\'''
lt_cv_sys_global_symbol_to_c_name_address_lib_prefix='sed -n -e '\''s/^: \(.*\) .*$/  {"\1", (void *) 0},/p'\'' -e '\''s/^[BCDEGRST][BCDEGRST]* .* \(lib.*\)$/  {"\1", (void *) \&\1},/p'\'' -e '\''s/^[BCDEGRST][BCDEGRST]* .* \(.*\)$/  {"lib\1", (void *) \&\1},/p'\'''
lt_cv_sys_global_symbol_to_cdecl='sed -n -e '\''s/^T .* \(.*\)$/extern int \1();/p'\'' -e '\''s/^[BCDEGRST][BCDEGRST]* .* \(.*\)$/extern char \1;/p'\'''
lt_cv_sys_global_symbol_to_import=
lt_cv_sys_max_cmd_len=196608
lt_cv_to_host_file_cmd=func_convert_file_noop
lt_cv_to_tool_file_cmd=func_convert_file_noop
lt_cv_truncate_bin='/bin/dd bs=4096 count=1'
pkg_cv_CRYPTO_CFLAGS=-I/usr/local/Cellar/openssl/1.0.2q/include
pkg_cv_CRYPTO_LIBS='-L/usr/local/Cellar/openssl/1.0.2q/lib -lcrypto'

## ----------------- ##
## Output variables. ##
## ----------------- ##

ACLOCAL='${SHELL} /Users/schmucke/Documents/Developer/cryptocurrency/tem-e4coin/e4coin-0.3.1.0/src/secp256k1/build-aux/missing aclocal-1.16'
AMDEPBACKSLASH='\'
AMDEP_FALSE='#'
AMDEP_TRUE=''
AMTAR='$${TAR-tar}'
AM_BACKSLASH='\'
AM_DEFAULT_V='$(AM_DEFAULT_VERBOSITY)'
AM_DEFAULT_VERBOSITY='0'
AM_V='$(V)'
AR='/usr/bin/ar'
AUTOCONF='${SHELL} /Users/schmucke/Documents/Developer/cryptocurrency/tem-e4coin/e4coin-0.3.1.0/src/secp256k1/build-aux/missing autoconf'
AUTOHEADER='${SHELL} /Users/schmucke/Documents/Developer/cryptocurrency/tem-e4coin/e4coin-0.3.1.0/src/secp256k1/build-aux/missing autoheader'
AUTOMAKE='${SHELL} /Users/schmucke/Documents/Developer/cryptocurrency/tem-e4coin/e4coin-0.3.1.0/src/secp256k1/build-aux/missing automake-1.16'
AWK='awk'
BREW='/usr/local/bin/brew'
BUILD_EXEEXT=''
BUILD_OBJEXT=''
CC='gcc'
CCAS='gcc'
CCASDEPMODE='depmode=gcc3'
CCASFLAGS='-g -O2'
CCDEPMODE='depmode=gcc3'
CC_FOR_BUILD='gcc'
CFLAGS='-g -O2 -W -std=c89 -pedantic -Wall -Wextra -Wcast-align -Wnested-externs -Wshadow -Wstrict-prototypes -Wno-unused-function -Wno-long-long -Wno-overlength-strings -fvisibility=hidden'
CFLAGS_FOR_BUILD='-g -O2'
CPP='gcc -E'
CPPFLAGS=''
CPPFLAGS_FOR_BUILD=''
CPP_FOR_BUILD='gcc -E'
CRYPTO_CFLAGS='-I/usr/local/Cellar/openssl/1.0.2q/include'
CRYPTO_LIBS='-L/usr/local/Cellar/openssl/1.0.2q/lib -lcrypto'
CYGPATH_W='echo'
DEFS='-DHAVE_CONFIG_H'
DEPDIR='.deps'
DLLTOOL='false'
DSYMUTIL='dsymutil'
DUMPBIN=''
ECHO_C='\c'
ECHO_N=''
ECHO_T=''
EGREP='/usr/bin/grep -E'
ENABLE_MODULE_ECDH_FALSE=''
ENABLE_MODULE_ECDH_TRUE='#'
ENABLE_MODULE_RECOVERY_FALSE='#'
ENABLE_MODULE_RECOVERY_TRUE=''
EXEEXT=''
FGREP='/usr/bin/grep -F'
GREP='/usr/bin/grep'
INSTALL_DATA='${INSTALL} -m 644'
INSTALL_PROGRAM='${INSTALL}'
INSTALL_SCRIPT='${INSTALL}'
INSTALL_STRIP_PROGRAM='$(install_sh) -c -s'
JNI_INCLUDES=''
LD='/Library/Developer/CommandLineTools/usr/bin/ld'
LDFLAGS='-L/usr/local/opt/libffi/lib'
LDFLAGS_FOR_BUILD=''
LIBOBJS=''
LIBS=''
LIBTOOL='$(SHELL) $(top_builddir)/libtool'
LIPO='lipo'
LN_S='ln -s'
LTLIBOBJS=''
LT_SYS_LIBRARY_PATH=''
MAKEINFO='${SHELL} /Users/schmucke/Documents/Developer/cryptocurrency/tem-e4coin/e4coin-0.3.1.0/src/secp256k1/build-aux/missing makeinfo'
MANIFEST_TOOL=':'
MKDIR_P='build-aux/install-sh -c -d'
NM='/usr/bin/nm -B'
NMEDIT='nmedit'
OBJDUMP='objdump'
OBJEXT='o'
OTOOL64=':'
OTOOL='otool'
PACKAGE='libsecp256k1'
PACKAGE_BUGREPORT=''
PACKAGE_NAME='libsecp256k1'
PACKAGE_STRING='libsecp256k1 0.1'
PACKAGE_TARNAME='libsecp256k1'
PACKAGE_URL=''
PACKAGE_VERSION='0.1'
PATH_SEPARATOR=':'
PKG_CONFIG='/usr/local/bin/pkg-config'
PKG_CONFIG_LIBDIR=''
PKG_CONFIG_PATH='/usr/local/opt/openssl/lib/pkgconfig:/usr/local/opt/libffi/lib/pkgconfig'
PORT=''
RANLIB='/usr/bin/ranlib'
SECP_INCLUDES=''
SECP_LIBS=''
SECP_TEST_INCLUDES=''
SECP_TEST_LIBS=''
SED='/usr/bin/sed'
SET_MAKE=''
SHELL='/bin/sh'
STRIP='/usr/bin/strip'
USE_ASM_ARM_FALSE=''
USE_ASM_ARM_TRUE='#'
USE_BENCHMARK_FALSE=''
USE_BENCHMARK_TRUE='#'
USE_ECMULT_STATIC_PRECOMPUTATION_FALSE='#'
USE_ECMULT_STATIC_PRECOMPUTATION_TRUE=''
USE_EXHAUSTIVE_TESTS_FALSE='#'
USE_EXHAUSTIVE_TESTS_TRUE=''
USE_EXTERNAL_ASM_FALSE=''
USE_EXTERNAL_ASM_TRUE='#'
USE_JNI_FALSE=''
USE_JNI_TRUE='#'
USE_TESTS_FALSE='#'
USE_TESTS_TRUE=''
VERSION='0.1'
_ACJNI_JAVAC='/usr/bin/javac'
ac_ct_AR='ar'
ac_ct_CC='gcc'
ac_ct_CC_FOR_BUILD='gcc'
ac_ct_DUMPBIN=''
am__EXEEXT_FALSE=''
am__EXEEXT_TRUE='#'
am__fastdepCCAS_FALSE='#'
am__fastdepCCAS_TRUE=''
am__fastdepCC_FALSE='#'
am__fastdepCC_TRUE=''
am__include='include'
am__isrc=''
am__leading_dot='.'
am__nodep='_no'
am__quote=''
am__tar='$${TAR-tar} chof - "$$tardir"'
am__untar='$${TAR-tar} xf -'
bindir='${exec_prefix}/bin'
build='x86_64-apple-darwin17.7.0'
build_alias=''
build_cpu='x86_64'
build_os='darwin17.7.0'
build_vendor='apple'
datadir='${datarootdir}'
datarootdir='${prefix}/share'
docdir='${datarootdir}/doc/${PACKAGE_TARNAME}'
dvidir='${docdir}'
exec_prefix='${prefix}'
host='x86_64-apple-darwin17.7.0'
host_alias=''
host_cpu='x86_64'
host_os='darwin17.7.0'
host_vendor='apple'
htmldir='${docdir}'
includedir='${prefix}/include'
infodir='${datarootdir}/info'
install_sh='${SHELL} /Users/schmucke/Documents/Developer/cryptocurrency/tem-e4coin/e4coin-0.3.1.0/src/secp256k1/build-aux/install-sh'
libdir='${exec_prefix}/lib'
libexecdir='${exec_prefix}/libexec'
localedir='${datarootdir}/locale'
localstatedir='${prefix}/var'
mandir='${datarootdir}/man'
mkdir_p='$(MKDIR_P)'
oldincludedir='/usr/include'
pdfdir='${docdir}'
prefix='/Users/schmucke/Documents/Developer/cryptocurrency/tem-e4coin/e4coin-0.3.1.0/depends/x86_64-apple-darwin11'
program_transform_name='s,x,x,'
psdir='${docdir}'
sbindir='${exec_prefix}/sbin'
sharedstatedir='${prefix}/com'
sysconfdir='${prefix}/etc'
target_alias=''

## ----------- ##
## confdefs.h. ##
## ----------- ##

/* confdefs.h */
#define PACKAGE_NAME "libsecp256k1"
#define PACKAGE_TARNAME "libsecp256k1"
#define PACKAGE_VERSION "0.1"
#define PACKAGE_STRING "libsecp256k1 0.1"
#define PACKAGE_BUGREPORT ""
#define PACKAGE_URL ""
#define PACKAGE "libsecp256k1"
#define VERSION "0.1"
#define STDC_HEADERS 1
#define HAVE_SYS_TYPES_H 1
#define HAVE_SYS_STAT_H 1
#define HAVE_STDLIB_H 1
#define HAVE_STRING_H 1
#define HAVE_MEMORY_H 1
#define HAVE_STRINGS_H 1
#define HAVE_INTTYPES_H 1
#define HAVE_STDINT_H 1
#define HAVE_UNISTD_H 1
#define HAVE_DLFCN_H 1
#define LT_OBJDIR ".libs/"
#define HAVE___INT128 1
#define HAVE_BUILTIN_EXPECT 1
#define USE_ASM_X86_64 1
#define USE_FIELD_5X52 1
#define USE_NUM_NONE 1
#define USE_FIELD_INV_BUILTIN 1
#define USE_SCALAR_INV_BUILTIN 1
#define USE_SCALAR_4X64 1
#define HAVE_LIBCRYPTO 1
#define USE_ECMULT_STATIC_PRECOMPUTATION 1
#define ENABLE_MODULE_RECOVERY 1

configure: exit 0
